<?xml version="1.0" encoding="UTF-8"?>
<!-- Generated by org.testng.reporters.JUnitReportReporter -->
<testsuite hostname="DESKTOP-VF69006" failures="0" tests="37" name="Project.HomePageTest" time="127.704" errors="0" timestamp="2021-06-06T17:47:57 IST" skipped="0">
  <testcase classname="Project.HomePageTest" name="testcase3" time="1.609"/>
  <system-out/>
  <testcase classname="Project.HomePageTest" name="testcase3" time="1.642"/>
  <system-out/>
  <testcase classname="Project.HomePageTest" name="testcase3" time="1.736"/>
  <system-out/>
  <testcase classname="Project.HomePageTest" name="testcase3" time="1.634"/>
  <system-out/>
  <testcase classname="Project.HomePageTest" name="testcase3" time="1.969"/>
  <system-out/>
  <testcase classname="Project.HomePageTest" name="testcase3" time="1.659"/>
  <system-out/>
  <testcase classname="Project.HomePageTest" name="testcase3" time="1.998"/>
  <system-out/>
  <testcase classname="Project.HomePageTest" name="testcase3" time="1.736"/>
  <system-out/>
  <testcase classname="Project.HomePageTest" name="testcase3" time="1.674"/>
  <system-out/>
  <testcase classname="Project.HomePageTest" name="testcase3" time="1.776"/>
  <system-out/>
  <testcase classname="Project.HomePageTest" name="testcase1" time="0.659"/>
  <system-out/>
  <testcase classname="Project.HomePageTest" name="testcase3" time="1.855"/>
  <system-out/>
  <testcase classname="Project.HomePageTest" name="testcase4" time="46.942"/>
  <system-out/>
  <testcase classname="Project.HomePageTest" name="testcase3" time="1.807"/>
  <system-out/>
  <testcase classname="Project.HomePageTest" name="testcase3" time="1.715"/>
  <system-out/>
  <testcase classname="Project.HomePageTest" name="testcase8" time="9.331"/>
  <system-out/>
  <testcase classname="Project.HomePageTest" name="testcase3" time="2.131"/>
  <system-out/>
  <testcase classname="Project.HomePageTest" name="testcase3" time="2.035"/>
  <system-out/>
  <testcase classname="Project.HomePageTest" name="testcase7" time="7.619"/>
  <system-out/>
  <testcase classname="Project.HomePageTest" name="testcase2" time="5.455"/>
  <system-out/>
  <testcase classname="Project.HomePageTest" name="testcase3" time="1.594"/>
  <system-out/>
  <testcase classname="Project.HomePageTest" name="testcase3" time="1.851"/>
  <system-out/>
  <testcase classname="Project.HomePageTest" name="testcase3" time="1.720"/>
  <system-out/>
  <testcase classname="Project.HomePageTest" name="testcase3" time="1.648"/>
  <system-out/>
  <testcase classname="Project.HomePageTest" name="testcase6" time="1.251"/>
  <system-out/>
  <testcase classname="Project.HomePageTest" name="testcase3" time="1.649"/>
  <system-out/>
  <testcase classname="Project.HomePageTest" name="testcase3" time="1.656"/>
  <system-out/>
  <testcase classname="Project.HomePageTest" name="testcase5" time="3.210"/>
  <system-out/>
  <testcase classname="Project.HomePageTest" name="testcase3" time="1.669"/>
  <system-out/>
  <testcase classname="Project.HomePageTest" name="testcase3" time="1.809"/>
  <system-out/>
  <testcase classname="Project.HomePageTest" name="testcase3" time="1.763"/>
  <system-out/>
  <testcase classname="Project.HomePageTest" name="testcase3" time="2.492"/>
  <system-out/>
  <testcase classname="Project.HomePageTest" name="testcase3" time="1.637"/>
  <system-out/>
  <testcase classname="Project.HomePageTest" name="testcase3" time="1.779"/>
  <system-out/>
  <testcase classname="Project.HomePageTest" name="testcase3" time="1.692"/>
  <system-out/>
  <testcase classname="Project.HomePageTest" name="testcase3" time="1.652"/>
  <system-out/>
  <testcase classname="Project.HomePageTest" name="testcase3" time="1.650"/>
  <system-out/>
</testsuite> <!-- Project.HomePageTest -->
