<?xml version="1.0" encoding="UTF-8"?>
<!-- Generated by org.testng.reporters.JUnitReportReporter -->
<testsuite hostname="DESKTOP-VF69006" failures="0" tests="1" name="Project.homePage" time="17.883" errors="0" timestamp="06 Jun 2021 04:45:02 GMT" skipped="0">
  <testcase classname="Project.homePage" name="intialization" time="17.883"/>
</testsuite> <!-- Project.homePage -->
