<?xml version="1.0" encoding="UTF-8"?>
<!-- Generated by org.testng.reporters.JUnitReportReporter -->
<testsuite hostname="DESKTOP-VF69006" failures="0" tests="37" name="Project.HomePageTest" time="108.537" errors="0" timestamp="2021-06-06T17:05:43 IST" skipped="0">
  <testcase classname="Project.HomePageTest" name="testcase3" time="2.568"/>
  <system-out/>
  <testcase classname="Project.HomePageTest" name="testcase3" time="1.650"/>
  <system-out/>
  <testcase classname="Project.HomePageTest" name="testcase3" time="1.733"/>
  <system-out/>
  <testcase classname="Project.HomePageTest" name="testcase3" time="1.763"/>
  <system-out/>
  <testcase classname="Project.HomePageTest" name="testcase1" time="0.147"/>
  <system-out/>
  <testcase classname="Project.HomePageTest" name="testcase3" time="1.625"/>
  <system-out/>
  <testcase classname="Project.HomePageTest" name="testcase3" time="1.628"/>
  <system-out/>
  <testcase classname="Project.HomePageTest" name="testcase5" time="2.953"/>
  <system-out/>
  <testcase classname="Project.HomePageTest" name="testcase6" time="0.768"/>
  <system-out/>
  <testcase classname="Project.HomePageTest" name="testcase3" time="1.688"/>
  <system-out/>
  <testcase classname="Project.HomePageTest" name="testcase8" time="1.838"/>
  <system-out/>
  <testcase classname="Project.HomePageTest" name="testcase3" time="1.637"/>
  <system-out/>
  <testcase classname="Project.HomePageTest" name="testcase2" time="3.354"/>
  <system-out/>
  <testcase classname="Project.HomePageTest" name="testcase3" time="1.726"/>
  <system-out/>
  <testcase classname="Project.HomePageTest" name="testcase3" time="1.830"/>
  <system-out/>
  <testcase classname="Project.HomePageTest" name="testcase3" time="2.015"/>
  <system-out/>
  <testcase classname="Project.HomePageTest" name="testcase3" time="1.608"/>
  <system-out/>
  <testcase classname="Project.HomePageTest" name="testcase3" time="1.683"/>
  <system-out/>
  <testcase classname="Project.HomePageTest" name="testcase3" time="1.684"/>
  <system-out/>
  <testcase classname="Project.HomePageTest" name="testcase3" time="1.824"/>
  <system-out/>
  <testcase classname="Project.HomePageTest" name="testcase3" time="1.627"/>
  <system-out/>
  <testcase classname="Project.HomePageTest" name="testcase3" time="1.667"/>
  <system-out/>
  <testcase classname="Project.HomePageTest" name="testcase3" time="1.737"/>
  <system-out/>
  <testcase classname="Project.HomePageTest" name="testcase3" time="1.708"/>
  <system-out/>
  <testcase classname="Project.HomePageTest" name="testcase3" time="1.645"/>
  <system-out/>
  <testcase classname="Project.HomePageTest" name="testcase3" time="1.646"/>
  <system-out/>
  <testcase classname="Project.HomePageTest" name="testcase3" time="1.605"/>
  <system-out/>
  <testcase classname="Project.HomePageTest" name="testcase4" time="44.298"/>
  <system-out/>
  <testcase classname="Project.HomePageTest" name="testcase3" time="1.672"/>
  <system-out/>
  <testcase classname="Project.HomePageTest" name="testcase7" time="3.128"/>
  <system-out/>
  <testcase classname="Project.HomePageTest" name="testcase3" time="1.688"/>
  <system-out/>
  <testcase classname="Project.HomePageTest" name="testcase3" time="1.677"/>
  <system-out/>
  <testcase classname="Project.HomePageTest" name="testcase3" time="1.646"/>
  <system-out/>
  <testcase classname="Project.HomePageTest" name="testcase3" time="1.698"/>
  <system-out/>
  <testcase classname="Project.HomePageTest" name="testcase3" time="1.665"/>
  <system-out/>
  <testcase classname="Project.HomePageTest" name="testcase3" time="2.054"/>
  <system-out/>
  <testcase classname="Project.HomePageTest" name="testcase3" time="1.654"/>
  <system-out/>
</testsuite> <!-- Project.HomePageTest -->
